<?xml version="1.0" encoding="UTF-8"?>
<!-- Generated by org.testng.reporters.JUnitReportReporter -->
<testsuite hostname="LAPTOP-8CTTEP62" failures="0" tests="1" name="variousConcepts.LoginTest" time="1.243" errors="0" timestamp="25 Aug 2022 22:51:22 GMT">
  <testcase classname="variousConcepts.LoginTest" name="loginTest" time="1.243"/>
</testsuite> <!-- variousConcepts.LoginTest -->
