<?xml version="1.0" encoding="UTF-8"?>
<!-- Generated by org.testng.reporters.JUnitReportReporter -->
<testsuite hostname="LAPTOP-8CTTEP62" failures="0" tests="1" name="session_TestNG.SampleTest" time="3.862" errors="0" timestamp="2022-08-25T20:17:22 CDT" skipped="0">
  <testcase classname="session_TestNG.SampleTest" name="loginTest" time="3.862"/>
  <system-out/>
</testsuite> <!-- session_TestNG.SampleTest -->
